[2018-05-03 12:45:57,102] multiqc                                            [DEBUG  ]  No MultiQC config found: /usr/local/lib/python2.7/dist-packages/multiqc_config.yaml
[2018-05-03 12:45:57,102] multiqc                                            [DEBUG  ]  No MultiQC config found: /home/xz289/.multiqc_config.yaml
[2018-05-03 12:45:57,102] multiqc                                            [DEBUG  ]  No MultiQC config found: multiqc_config.yaml
[2018-05-03 12:45:57,109] multiqc                                            [DEBUG  ]  Loading config settings from: CTR_ajf1005_0001.config.yaml
[2018-05-03 12:45:57,109] multiqc                                            [DEBUG  ]  New config 'custom_logo_url': http://www.trophoblast.cam.ac.uk/Resources/BioInformatics
[2018-05-03 12:45:57,110] multiqc                                            [DEBUG  ]  New config 'data_dir_name': CTR_ajf1005_0001.multiqc_data
[2018-05-03 12:45:57,110] multiqc                                            [DEBUG  ]  New config 'subtitle': Centre for Trophoblast Research, University of Cambridge
[2018-05-03 12:45:57,110] multiqc                                            [DEBUG  ]  New config 'fn_ignore_files': ['*tophatrun2.align_summary.txt']
[2018-05-03 12:45:57,111] multiqc                                            [DEBUG  ]  New config 'title': Project ID ::: CTR_ajf1005_0001
[2018-05-03 12:45:57,111] multiqc                                            [DEBUG  ]  New config 'intro_text': Created by CTR Bioinformatics
[2018-05-03 12:45:57,111] multiqc                                            [DEBUG  ]  New config 'custom_logo_title': Centre for Trophoblast Research, University of Cambridge
[2018-05-03 12:45:57,111] multiqc                                            [DEBUG  ]  New config 'report_header_info': [{'Analysis by:': 'Xiaohui Zhao and Russell S. Hamilton'}, {'Contact E-mail:': 'xy289@cam.ac.uk and rsh46@cam.ac.uk'}, {'Application Type:': 'RNA-seq'}, {'Project Type:': 'RNA-Seq Differential Analysis'}, {'Project Owners:': 'Alison Forhead'}, {'Sequencing Platform:': 'Illumina '}, {'Sequencing Setup:': 'SE 50bp'}]
[2018-05-03 12:45:57,111] multiqc                                            [DEBUG  ]  New config 'custom_logo': /storage/Logo/CTR_600.png
[2018-05-03 12:45:57,111] multiqc                                            [DEBUG  ]  New config 'output_fn_name': CTR_ajf1005_0001.multiqc_report.html
[2018-05-03 12:45:57,111] multiqc                                            [DEBUG  ]  Command used: /usr/local/bin/multiqc -f -c CTR_ajf1005_0001.config.yaml OriData_QC/
[2018-05-03 12:45:57,172] multiqc                                            [WARNING]  MultiQC Version v1.5 now available!
[2018-05-03 12:45:57,172] multiqc                                            [INFO   ]  This is MultiQC v1.4
[2018-05-03 12:45:57,173] multiqc                                            [DEBUG  ]  Command     : /usr/local/bin/multiqc -f -c CTR_ajf1005_0001.config.yaml OriData_QC/
[2018-05-03 12:45:57,173] multiqc                                            [DEBUG  ]  Working dir : /storage/CTR-Projects/CTR_ajf1005/CTR_ajf1005_0001
[2018-05-03 12:45:57,173] multiqc                                            [INFO   ]  Template    : default
[2018-05-03 12:45:57,173] multiqc                                            [INFO   ]  Report title: Project ID ::: CTR_ajf1005_0001
[2018-05-03 12:45:57,173] multiqc                                            [INFO   ]  Searching 'OriData_QC/'
[2018-05-03 12:45:57,174] multiqc                                            [DEBUG  ]  Analysing modules: afterqc, custom_content, conpair, peddy, methylQA, qualimap, preseq, quast, qorts, rna_seqc, rsem, rseqc, busco, goleft_indexcov, disambiguate, supernova, deeptools, sargasso, verifybamid, homer, macs2, theta2, snpeff, gatk, htseq, bcftools, featureCounts, picard, prokka, samblaster, samtools, bamtools, jellyfish, vcftools, bbmap, bismark, hicexplorer, hicup, salmon, kallisto, slamdunk, star, hisat2, tophat, bowtie2, bowtie1, leehom, adapterRemoval, cutadapt, flexbar, trimmomatic, skewer, sortmerna, biobloomtools, fastq_screen, fastqc, clusterflow, bcl2fastq, interop
[2018-05-03 12:45:57,174] multiqc                                            [DEBUG  ]  Using temporary directory for creating report: /tmp/tmpOwZSbA
[2018-05-03 12:52:15,784] multiqc                                            [DEBUG  ]  No samples found: afterqc
[2018-05-03 12:52:15,801] multiqc                                            [DEBUG  ]  No samples found: custom_content
[2018-05-03 12:52:15,805] multiqc                                            [DEBUG  ]  No samples found: conpair
[2018-05-03 12:52:15,815] multiqc                                            [DEBUG  ]  No samples found: peddy
[2018-05-03 12:52:15,819] multiqc                                            [DEBUG  ]  No samples found: methylQA
[2018-05-03 12:52:16,184] multiqc.modules.qualimap.qualimap                  [INFO   ]  Found 74 RNASeq reports
[2018-05-03 12:52:16,187] multiqc                                            [DEBUG  ]  No samples found: preseq
[2018-05-03 12:52:16,190] multiqc                                            [DEBUG  ]  No samples found: quast
[2018-05-03 12:52:16,193] multiqc                                            [DEBUG  ]  No samples found: qorts
[2018-05-03 12:52:16,202] multiqc                                            [DEBUG  ]  No samples found: rna_seqc
[2018-05-03 12:52:16,205] multiqc                                            [DEBUG  ]  No samples found: rsem
[2018-05-03 12:52:16,211] multiqc                                            [DEBUG  ]  No samples found: rseqc
[2018-05-03 12:52:16,214] multiqc                                            [DEBUG  ]  No samples found: busco
[2018-05-03 12:52:16,221] multiqc                                            [DEBUG  ]  No samples found: goleft_indexcov
[2018-05-03 12:52:16,224] multiqc                                            [DEBUG  ]  No samples found: disambiguate
[2018-05-03 12:52:16,227] multiqc                                            [DEBUG  ]  No samples found: supernova
[2018-05-03 12:52:16,232] multiqc                                            [DEBUG  ]  No samples found: deeptools
[2018-05-03 12:52:16,235] multiqc                                            [DEBUG  ]  No samples found: sargasso
[2018-05-03 12:52:16,246] multiqc                                            [DEBUG  ]  No samples found: verifybamid
[2018-05-03 12:52:16,250] multiqc                                            [DEBUG  ]  No samples found: homer
[2018-05-03 12:52:16,254] multiqc                                            [DEBUG  ]  No samples found: macs2
[2018-05-03 12:52:16,257] multiqc                                            [DEBUG  ]  No samples found: theta2
[2018-05-03 12:52:16,260] multiqc                                            [DEBUG  ]  No samples found: snpeff
[2018-05-03 12:52:16,265] multiqc                                            [DEBUG  ]  No samples found: gatk
[2018-05-03 12:52:16,268] multiqc                                            [DEBUG  ]  No samples found: htseq
[2018-05-03 12:52:16,272] multiqc                                            [DEBUG  ]  No samples found: bcftools
[2018-05-03 12:52:16,315] multiqc.modules.featureCounts.feature_counts       [INFO   ]  Found 74 reports
[2018-05-03 12:52:16,330] multiqc                                            [DEBUG  ]  No samples found: picard
[2018-05-03 12:52:16,333] multiqc                                            [DEBUG  ]  No samples found: prokka
[2018-05-03 12:52:16,336] multiqc                                            [DEBUG  ]  No samples found: samblaster
[2018-05-03 12:52:16,340] multiqc                                            [DEBUG  ]  No samples found: samtools
[2018-05-03 12:52:16,343] multiqc                                            [DEBUG  ]  No samples found: bamtools
[2018-05-03 12:52:16,346] multiqc                                            [DEBUG  ]  No samples found: jellyfish
[2018-05-03 12:52:16,350] multiqc                                            [DEBUG  ]  No samples found: vcftools
[2018-05-03 12:52:16,356] multiqc                                            [DEBUG  ]  No samples found: bbmap
[2018-05-03 12:52:16,359] multiqc                                            [DEBUG  ]  No samples found: bismark
[2018-05-03 12:52:16,362] multiqc                                            [DEBUG  ]  No samples found: hicexplorer
[2018-05-03 12:52:16,365] multiqc                                            [DEBUG  ]  No samples found: hicup
[2018-05-03 12:52:16,368] multiqc                                            [DEBUG  ]  No samples found: salmon
[2018-05-03 12:52:16,371] multiqc                                            [DEBUG  ]  No samples found: kallisto
[2018-05-03 12:52:16,374] multiqc                                            [DEBUG  ]  No samples found: slamdunk
[2018-05-03 12:52:16,590] multiqc.modules.star.star                          [INFO   ]  Found 74 reports
[2018-05-03 12:52:16,600] multiqc                                            [DEBUG  ]  No samples found: hisat2
[2018-05-03 12:52:16,604] multiqc                                            [DEBUG  ]  No samples found: tophat
[2018-05-03 12:52:16,609] multiqc                                            [DEBUG  ]  No samples found: bowtie2
[2018-05-03 12:52:16,613] multiqc                                            [DEBUG  ]  No samples found: bowtie1
[2018-05-03 12:52:16,617] multiqc                                            [DEBUG  ]  No samples found: leehom
[2018-05-03 12:52:16,622] multiqc                                            [DEBUG  ]  No samples found: adapterRemoval
[2018-05-03 12:52:16,690] multiqc.modules.cutadapt.cutadapt                  [DEBUG  ]  Duplicate sample name found! Overwriting: SLX-14347.D701_D504.HVFCGBBXX.s_3.r_1
[2018-05-03 12:52:16,692] multiqc.modules.cutadapt.cutadapt                  [DEBUG  ]  Duplicate sample name found! Overwriting: SLX-14347.D701_D504.HVFCGBBXX.s_4.r_1
[2018-05-03 12:52:16,698] multiqc.modules.cutadapt.cutadapt                  [DEBUG  ]  Duplicate sample name found! Overwriting: SLX-14347.D701_D506.HVFCGBBXX.s_3.r_1
[2018-05-03 12:52:16,707] multiqc.modules.cutadapt.cutadapt                  [DEBUG  ]  Duplicate sample name found! Overwriting: SLX-14347.D702_D504.HVFCGBBXX.s_4.r_1
[2018-05-03 12:52:16,715] multiqc.modules.cutadapt.cutadapt                  [DEBUG  ]  Duplicate sample name found! Overwriting: SLX-14347.D702_D506.HVFCGBBXX.s_4.r_1
[2018-05-03 12:52:16,718] multiqc.modules.cutadapt.cutadapt                  [DEBUG  ]  Duplicate sample name found! Overwriting: SLX-14347.D703_D504.HVFCGBBXX.s_4.r_1
[2018-05-03 12:52:16,773] multiqc.modules.cutadapt.cutadapt                  [DEBUG  ]  Duplicate sample name found! Overwriting: SLX-14347.D703_D505.HVFCGBBXX.s_3.r_1
[2018-05-03 12:52:16,788] multiqc.modules.cutadapt.cutadapt                  [DEBUG  ]  Duplicate sample name found! Overwriting: SLX-14347.D704_D505.HVFCGBBXX.s_3.r_1
[2018-05-03 12:52:16,789] multiqc.modules.cutadapt.cutadapt                  [DEBUG  ]  Duplicate sample name found! Overwriting: SLX-14347.D704_D505.HVFCGBBXX.s_4.r_1
[2018-05-03 12:52:16,791] multiqc.modules.cutadapt.cutadapt                  [DEBUG  ]  Duplicate sample name found! Overwriting: SLX-14347.D704_D506.HVFCGBBXX.s_3.r_1
[2018-05-03 12:52:16,793] multiqc.modules.cutadapt.cutadapt                  [DEBUG  ]  Duplicate sample name found! Overwriting: SLX-14347.D704_D506.HVFCGBBXX.s_4.r_1
[2018-05-03 12:52:16,796] multiqc.modules.cutadapt.cutadapt                  [DEBUG  ]  Duplicate sample name found! Overwriting: SLX-14347.D705_D504.HVFCGBBXX.s_4.r_1
[2018-05-03 12:52:16,805] multiqc.modules.cutadapt.cutadapt                  [DEBUG  ]  Duplicate sample name found! Overwriting: SLX-14347.D706_D504.HVFCGBBXX.s_4.r_1
[2018-05-03 12:52:16,807] multiqc.modules.cutadapt.cutadapt                  [DEBUG  ]  Duplicate sample name found! Overwriting: SLX-14347.D706_D505.HVFCGBBXX.s_3.r_1
[2018-05-03 12:52:16,812] multiqc.modules.cutadapt.cutadapt                  [DEBUG  ]  Duplicate sample name found! Overwriting: SLX-14347.D706_D506.HVFCGBBXX.s_4.r_1
[2018-05-03 12:52:16,854] multiqc.modules.cutadapt.cutadapt                  [DEBUG  ]  Duplicate sample name found! Overwriting: SLX-14347.D705_D506.HVFCGBBXX.s_4.r_1
[2018-05-03 12:52:16,857] multiqc.modules.cutadapt.cutadapt                  [DEBUG  ]  Duplicate sample name found! Overwriting: SLX-14347.D701_D505.HVFCGBBXX.s_3.r_1
[2018-05-03 12:52:16,859] multiqc.modules.cutadapt.cutadapt                  [DEBUG  ]  Duplicate sample name found! Overwriting: SLX-14347.D702_D504.HVFCGBBXX.s_3.r_1
[2018-05-03 12:52:16,862] multiqc.modules.cutadapt.cutadapt                  [DEBUG  ]  Duplicate sample name found! Overwriting: SLX-14347.D705_D505.HVFCGBBXX.s_4.r_1
[2018-05-03 12:52:16,864] multiqc.modules.cutadapt.cutadapt                  [DEBUG  ]  Duplicate sample name found! Overwriting: SLX-14347.D704_D504.HVFCGBBXX.s_3.r_1
[2018-05-03 12:52:16,865] multiqc.modules.cutadapt.cutadapt                  [DEBUG  ]  Duplicate sample name found! Overwriting: SLX-14347.D701_D505.HVFCGBBXX.s_4.r_1
[2018-05-03 12:52:16,867] multiqc.modules.cutadapt.cutadapt                  [DEBUG  ]  Duplicate sample name found! Overwriting: SLX-14347.D706_D505.HVFCGBBXX.s_4.r_1
[2018-05-03 12:52:16,869] multiqc.modules.cutadapt.cutadapt                  [DEBUG  ]  Duplicate sample name found! Overwriting: SLX-14347.D703_D506.HVFCGBBXX.s_3.r_1
[2018-05-03 12:52:16,870] multiqc.modules.cutadapt.cutadapt                  [DEBUG  ]  Duplicate sample name found! Overwriting: SLX-14347.D706_D504.HVFCGBBXX.s_3.r_1
[2018-05-03 12:52:16,874] multiqc.modules.cutadapt.cutadapt                  [DEBUG  ]  Duplicate sample name found! Overwriting: SLX-14347.D705_D506.HVFCGBBXX.s_3.r_1
[2018-05-03 12:52:16,877] multiqc.modules.cutadapt.cutadapt                  [DEBUG  ]  Duplicate sample name found! Overwriting: SLX-14347.D703_D506.HVFCGBBXX.s_4.r_1
[2018-05-03 12:52:16,879] multiqc.modules.cutadapt.cutadapt                  [DEBUG  ]  Duplicate sample name found! Overwriting: SLX-14347.D702_D505.HVFCGBBXX.s_4.r_1
[2018-05-03 12:52:16,882] multiqc.modules.cutadapt.cutadapt                  [DEBUG  ]  Duplicate sample name found! Overwriting: SLX-14347.D703_D505.HVFCGBBXX.s_4.r_1
[2018-05-03 12:52:16,884] multiqc.modules.cutadapt.cutadapt                  [DEBUG  ]  Duplicate sample name found! Overwriting: SLX-14347.D707_D504.HVFCGBBXX.s_3.r_1
[2018-05-03 12:52:16,886] multiqc.modules.cutadapt.cutadapt                  [DEBUG  ]  Duplicate sample name found! Overwriting: SLX-14347.D707_D504.HVFCGBBXX.s_4.r_1
[2018-05-03 12:52:16,887] multiqc.modules.cutadapt.cutadapt                  [DEBUG  ]  Duplicate sample name found! Overwriting: SLX-14347.D707_D505.HVFCGBBXX.s_3.r_1
[2018-05-03 12:52:16,889] multiqc.modules.cutadapt.cutadapt                  [DEBUG  ]  Duplicate sample name found! Overwriting: SLX-14347.D707_D505.HVFCGBBXX.s_4.r_1
[2018-05-03 12:52:16,894] multiqc.modules.cutadapt.cutadapt                  [DEBUG  ]  Duplicate sample name found! Overwriting: SLX-14347.D708_D504.HVFCGBBXX.s_3.r_1
[2018-05-03 12:52:16,895] multiqc.modules.cutadapt.cutadapt                  [DEBUG  ]  Duplicate sample name found! Overwriting: SLX-14347.D708_D504.HVFCGBBXX.s_4.r_1
[2018-05-03 12:52:16,897] multiqc.modules.cutadapt.cutadapt                  [DEBUG  ]  Duplicate sample name found! Overwriting: SLX-14347.D708_D505.HVFCGBBXX.s_3.r_1
[2018-05-03 12:52:16,899] multiqc.modules.cutadapt.cutadapt                  [DEBUG  ]  Duplicate sample name found! Overwriting: SLX-14347.D708_D505.HVFCGBBXX.s_4.r_1
[2018-05-03 12:52:16,900] multiqc.modules.cutadapt.cutadapt                  [DEBUG  ]  Duplicate sample name found! Overwriting: SLX-14347.D708_D506.HVFCGBBXX.s_3.r_1
[2018-05-03 12:52:16,904] multiqc.modules.cutadapt.cutadapt                  [DEBUG  ]  Duplicate sample name found! Overwriting: SLX-14347.D709_D504.HVFCGBBXX.s_3.r_1
[2018-05-03 12:52:16,905] multiqc.modules.cutadapt.cutadapt                  [DEBUG  ]  Duplicate sample name found! Overwriting: SLX-14347.D709_D504.HVFCGBBXX.s_4.r_1
[2018-05-03 12:52:16,907] multiqc.modules.cutadapt.cutadapt                  [DEBUG  ]  Duplicate sample name found! Overwriting: SLX-14347.D709_D505.HVFCGBBXX.s_3.r_1
[2018-05-03 12:52:16,909] multiqc.modules.cutadapt.cutadapt                  [DEBUG  ]  Duplicate sample name found! Overwriting: SLX-14347.D709_D505.HVFCGBBXX.s_4.r_1
[2018-05-03 12:52:16,955] multiqc.modules.cutadapt.cutadapt                  [DEBUG  ]  Duplicate sample name found! Overwriting: SLX-14347.D707_D506.HVFCGBBXX.s_3.r_1
[2018-05-03 12:52:16,958] multiqc.modules.cutadapt.cutadapt                  [DEBUG  ]  Duplicate sample name found! Overwriting: SLX-14347.D710_D504.HVFCGBBXX.s_4.r_1
[2018-05-03 12:52:16,959] multiqc.modules.cutadapt.cutadapt                  [DEBUG  ]  Duplicate sample name found! Overwriting: SLX-14347.D710_D505.HVFCGBBXX.s_3.r_1
[2018-05-03 12:52:16,961] multiqc.modules.cutadapt.cutadapt                  [DEBUG  ]  Duplicate sample name found! Overwriting: SLX-14347.D710_D505.HVFCGBBXX.s_4.r_1
[2018-05-03 12:52:16,963] multiqc.modules.cutadapt.cutadapt                  [DEBUG  ]  Duplicate sample name found! Overwriting: SLX-14347.D710_D506.HVFCGBBXX.s_3.r_1
[2018-05-03 12:52:16,964] multiqc.modules.cutadapt.cutadapt                  [DEBUG  ]  Duplicate sample name found! Overwriting: SLX-14347.D710_D506.HVFCGBBXX.s_4.r_1
[2018-05-03 12:52:16,968] multiqc.modules.cutadapt.cutadapt                  [DEBUG  ]  Duplicate sample name found! Overwriting: SLX-14347.D711_D504.HVFCGBBXX.s_4.r_1
[2018-05-03 12:52:16,969] multiqc.modules.cutadapt.cutadapt                  [DEBUG  ]  Duplicate sample name found! Overwriting: SLX-14347.D711_D505.HVFCGBBXX.s_3.r_1
[2018-05-03 12:52:16,971] multiqc.modules.cutadapt.cutadapt                  [DEBUG  ]  Duplicate sample name found! Overwriting: SLX-14347.D711_D505.HVFCGBBXX.s_4.r_1
[2018-05-03 12:52:16,974] multiqc.modules.cutadapt.cutadapt                  [DEBUG  ]  Duplicate sample name found! Overwriting: SLX-14347.D711_D506.HVFCGBBXX.s_4.r_1
[2018-05-03 12:52:16,976] multiqc.modules.cutadapt.cutadapt                  [DEBUG  ]  Duplicate sample name found! Overwriting: SLX-14347.D712_D504.HVFCGBBXX.s_3.r_1
[2018-05-03 12:52:16,977] multiqc.modules.cutadapt.cutadapt                  [DEBUG  ]  Duplicate sample name found! Overwriting: SLX-14347.D712_D504.HVFCGBBXX.s_4.r_1
[2018-05-03 12:52:16,979] multiqc.modules.cutadapt.cutadapt                  [DEBUG  ]  Duplicate sample name found! Overwriting: SLX-14347.D712_D505.HVFCGBBXX.s_3.r_1
[2018-05-03 12:52:16,981] multiqc.modules.cutadapt.cutadapt                  [DEBUG  ]  Duplicate sample name found! Overwriting: SLX-14347.D712_D505.HVFCGBBXX.s_4.r_1
[2018-05-03 12:52:16,982] multiqc.modules.cutadapt.cutadapt                  [DEBUG  ]  Duplicate sample name found! Overwriting: SLX-14347.D712_D506.HVFCGBBXX.s_3.r_1
[2018-05-03 12:52:16,984] multiqc.modules.cutadapt.cutadapt                  [DEBUG  ]  Duplicate sample name found! Overwriting: SLX-14347.D712_D506.HVFCGBBXX.s_4.r_1
[2018-05-03 12:52:17,023] multiqc.modules.cutadapt.cutadapt                  [DEBUG  ]  Duplicate sample name found! Overwriting: SLX-14347.D707_D506.HVFCGBBXX.s_4.r_1
[2018-05-03 12:52:17,024] multiqc.modules.cutadapt.cutadapt                  [DEBUG  ]  Duplicate sample name found! Overwriting: SLX-14347.D704_D504.HVFCGBBXX.s_4.r_1
[2018-05-03 12:52:17,026] multiqc.modules.cutadapt.cutadapt                  [DEBUG  ]  Duplicate sample name found! Overwriting: SLX-14347.D701_D507.HVFCGBBXX.s_3.r_1
[2018-05-03 12:52:17,028] multiqc.modules.cutadapt.cutadapt                  [DEBUG  ]  Duplicate sample name found! Overwriting: SLX-14347.D709_D506.HVFCGBBXX.s_4.r_1
[2018-05-03 12:52:17,030] multiqc.modules.cutadapt.cutadapt                  [DEBUG  ]  Duplicate sample name found! Overwriting: SLX-14347.D703_D504.HVFCGBBXX.s_3.r_1
[2018-05-03 12:52:17,031] multiqc.modules.cutadapt.cutadapt                  [DEBUG  ]  Duplicate sample name found! Overwriting: SLX-14347.D701_D506.HVFCGBBXX.s_4.r_1
[2018-05-03 12:52:17,033] multiqc.modules.cutadapt.cutadapt                  [DEBUG  ]  Duplicate sample name found! Overwriting: SLX-14347.D701_D507.HVFCGBBXX.s_4.r_1
[2018-05-03 12:52:17,035] multiqc.modules.cutadapt.cutadapt                  [DEBUG  ]  Duplicate sample name found! Overwriting: SLX-14347.D702_D505.HVFCGBBXX.s_3.r_1
[2018-05-03 12:52:17,036] multiqc.modules.cutadapt.cutadapt                  [DEBUG  ]  Duplicate sample name found! Overwriting: SLX-14347.D711_D504.HVFCGBBXX.s_3.r_1
[2018-05-03 12:52:17,038] multiqc.modules.cutadapt.cutadapt                  [DEBUG  ]  Duplicate sample name found! Overwriting: SLX-14347.D710_D504.HVFCGBBXX.s_3.r_1
[2018-05-03 12:52:17,040] multiqc.modules.cutadapt.cutadapt                  [DEBUG  ]  Duplicate sample name found! Overwriting: SLX-14347.D705_D505.HVFCGBBXX.s_3.r_1
[2018-05-03 12:52:17,042] multiqc.modules.cutadapt.cutadapt                  [DEBUG  ]  Duplicate sample name found! Overwriting: SLX-14347.D706_D506.HVFCGBBXX.s_3.r_1
[2018-05-03 12:52:17,043] multiqc.modules.cutadapt.cutadapt                  [DEBUG  ]  Duplicate sample name found! Overwriting: SLX-14347.D705_D504.HVFCGBBXX.s_3.r_1
[2018-05-03 12:52:17,045] multiqc.modules.cutadapt.cutadapt                  [DEBUG  ]  Duplicate sample name found! Overwriting: SLX-14347.D708_D506.HVFCGBBXX.s_4.r_1
[2018-05-03 12:52:17,047] multiqc.modules.cutadapt.cutadapt                  [DEBUG  ]  Duplicate sample name found! Overwriting: SLX-14347.D709_D506.HVFCGBBXX.s_3.r_1
[2018-05-03 12:52:17,048] multiqc.modules.cutadapt.cutadapt                  [DEBUG  ]  Duplicate sample name found! Overwriting: SLX-14347.D702_D506.HVFCGBBXX.s_3.r_1
[2018-05-03 12:52:17,050] multiqc.modules.cutadapt.cutadapt                  [DEBUG  ]  Duplicate sample name found! Overwriting: SLX-14347.D711_D506.HVFCGBBXX.s_3.r_1
[2018-05-03 12:52:17,051] multiqc.modules.cutadapt.cutadapt                  [INFO   ]  Found 74 reports
[2018-05-03 12:52:17,082] multiqc                                            [DEBUG  ]  No samples found: flexbar
[2018-05-03 12:52:17,084] multiqc                                            [DEBUG  ]  No samples found: trimmomatic
[2018-05-03 12:52:17,087] multiqc                                            [DEBUG  ]  No samples found: skewer
[2018-05-03 12:52:17,090] multiqc                                            [DEBUG  ]  No samples found: sortmerna
[2018-05-03 12:52:17,093] multiqc                                            [DEBUG  ]  No samples found: biobloomtools
[2018-05-03 12:52:17,154] multiqc.modules.fastq_screen.fastq_screen          [INFO   ]  Found 72 reports
[2018-05-03 12:52:18,631] multiqc.modules.fastqc.fastqc                      [DEBUG  ]  Duplicate sample name found! Overwriting: SLX-14347.D704_D506.HVFCGBBXX.s_3.r_1
[2018-05-03 12:52:19,274] multiqc.modules.fastqc.fastqc                      [DEBUG  ]  Skipping 'SLX-14347.D709_D506.HVFCGBBXX.s_4.r_1_fastqc.zip' as already parsed 'SLX-14347.D709_D506.HVFCGBBXX.s_4.r_1'
[2018-05-03 12:52:19,479] multiqc.modules.fastqc.fastqc                      [DEBUG  ]  Duplicate sample name found! Overwriting: SLX-14347.D702_D504.HVFCGBBXX.s_3.r_1
[2018-05-03 12:52:19,795] multiqc.modules.fastqc.fastqc                      [DEBUG  ]  Skipping 'SLX-14347.D710_D504.HVFCGBBXX.s_4.r_1_fastqc.zip' as already parsed 'SLX-14347.D710_D504.HVFCGBBXX.s_4.r_1'
[2018-05-03 12:52:20,005] multiqc.modules.fastqc.fastqc                      [DEBUG  ]  Duplicate sample name found! Overwriting: SLX-14347.D707_D506.HVFCGBBXX.s_4.r_1
[2018-05-03 12:52:20,141] multiqc.modules.fastqc.fastqc                      [DEBUG  ]  Skipping 'SLX-14347.D701_D506.HVFCGBBXX.s_4.r_1_fastqc.zip' as already parsed 'SLX-14347.D701_D506.HVFCGBBXX.s_4.r_1'
[2018-05-03 12:52:20,141] multiqc.modules.fastqc.fastqc                      [DEBUG  ]  Skipping 'SLX-14347.D712_D504.HVFCGBBXX.s_4.r_1_fastqc.zip' as already parsed 'SLX-14347.D712_D504.HVFCGBBXX.s_4.r_1'
[2018-05-03 12:52:20,479] multiqc.modules.fastqc.fastqc                      [DEBUG  ]  Skipping 'SLX-14347.D711_D505.HVFCGBBXX.s_3.r_1_fastqc.zip' as already parsed 'SLX-14347.D711_D505.HVFCGBBXX.s_3.r_1'
[2018-05-03 12:52:20,679] multiqc.modules.fastqc.fastqc                      [DEBUG  ]  Skipping 'SLX-14347.D712_D504.HVFCGBBXX.s_3.r_1_fastqc.zip' as already parsed 'SLX-14347.D712_D504.HVFCGBBXX.s_3.r_1'
[2018-05-03 12:52:20,748] multiqc.modules.fastqc.fastqc                      [DEBUG  ]  Duplicate sample name found! Overwriting: SLX-14347.D710_D506.HVFCGBBXX.s_4.r_1
[2018-05-03 12:52:20,951] multiqc.modules.fastqc.fastqc                      [DEBUG  ]  Skipping 'SLX-14347.D705_D504.HVFCGBBXX.s_3.r_1_fastqc.zip' as already parsed 'SLX-14347.D705_D504.HVFCGBBXX.s_3.r_1'
[2018-05-03 12:52:21,154] multiqc.modules.fastqc.fastqc                      [DEBUG  ]  Duplicate sample name found! Overwriting: SLX-14347.D705_D505.HVFCGBBXX.s_3.r_1
[2018-05-03 12:52:21,500] multiqc.modules.fastqc.fastqc                      [DEBUG  ]  Duplicate sample name found! Overwriting: SLX-14347.D702_D504.HVFCGBBXX.s_4.r_1
[2018-05-03 12:52:21,567] multiqc.modules.fastqc.fastqc                      [DEBUG  ]  Skipping 'SLX-14347.D705_D505.HVFCGBBXX.s_4.r_1_fastqc.zip' as already parsed 'SLX-14347.D705_D505.HVFCGBBXX.s_4.r_1'
[2018-05-03 12:52:21,569] multiqc.modules.fastqc.fastqc                      [DEBUG  ]  Duplicate sample name found! Overwriting: SLX-14347.D703_D506.HVFCGBBXX.s_4.r_1
[2018-05-03 12:52:21,774] multiqc.modules.fastqc.fastqc                      [DEBUG  ]  Duplicate sample name found! Overwriting: SLX-14347.D703_D504.HVFCGBBXX.s_3.r_1
[2018-05-03 12:52:21,843] multiqc.modules.fastqc.fastqc                      [DEBUG  ]  Duplicate sample name found! Overwriting: SLX-14347.D705_D504.HVFCGBBXX.s_4.r_1
[2018-05-03 12:52:21,987] multiqc.modules.fastqc.fastqc                      [DEBUG  ]  Skipping 'SLX-14347.D712_D505.HVFCGBBXX.s_3.r_1_fastqc.zip' as already parsed 'SLX-14347.D712_D505.HVFCGBBXX.s_3.r_1'
[2018-05-03 12:52:21,989] multiqc.modules.fastqc.fastqc                      [DEBUG  ]  Duplicate sample name found! Overwriting: SLX-14347.D709_D505.HVFCGBBXX.s_4.r_1
[2018-05-03 12:52:22,058] multiqc.modules.fastqc.fastqc                      [DEBUG  ]  Duplicate sample name found! Overwriting: SLX-14347.D710_D505.HVFCGBBXX.s_3.r_1
[2018-05-03 12:52:22,124] multiqc.modules.fastqc.fastqc                      [DEBUG  ]  Skipping 'SLX-14347.D702_D506.HVFCGBBXX.s_4.r_1_fastqc.zip' as already parsed 'SLX-14347.D702_D506.HVFCGBBXX.s_4.r_1'
[2018-05-03 12:52:22,126] multiqc.modules.fastqc.fastqc                      [DEBUG  ]  Duplicate sample name found! Overwriting: SLX-14347.D701_D504.HVFCGBBXX.s_3.r_1
[2018-05-03 12:52:22,193] multiqc.modules.fastqc.fastqc                      [DEBUG  ]  Skipping 'SLX-14347.D705_D506.HVFCGBBXX.s_4.r_1_fastqc.zip' as already parsed 'SLX-14347.D705_D506.HVFCGBBXX.s_4.r_1'
[2018-05-03 12:52:22,195] multiqc.modules.fastqc.fastqc                      [DEBUG  ]  Duplicate sample name found! Overwriting: SLX-14347.D711_D505.HVFCGBBXX.s_4.r_1
[2018-05-03 12:52:22,263] multiqc.modules.fastqc.fastqc                      [DEBUG  ]  Duplicate sample name found! Overwriting: SLX-14347.D706_D506.HVFCGBBXX.s_4.r_1
[2018-05-03 12:52:22,331] multiqc.modules.fastqc.fastqc                      [DEBUG  ]  Duplicate sample name found! Overwriting: SLX-14347.D711_D506.HVFCGBBXX.s_4.r_1
[2018-05-03 12:52:22,649] multiqc.modules.fastqc.fastqc                      [DEBUG  ]  Skipping 'SLX-14347.D703_D505.HVFCGBBXX.s_3.r_1_fastqc.zip' as already parsed 'SLX-14347.D703_D505.HVFCGBBXX.s_3.r_1'
[2018-05-03 12:52:22,716] multiqc.modules.fastqc.fastqc                      [DEBUG  ]  Skipping 'SLX-14347.D704_D505.HVFCGBBXX.s_4.r_1_fastqc.zip' as already parsed 'SLX-14347.D704_D505.HVFCGBBXX.s_4.r_1'
[2018-05-03 12:52:22,717] multiqc.modules.fastqc.fastqc                      [DEBUG  ]  Skipping 'SLX-14347.D701_D507.HVFCGBBXX.s_4.r_1_fastqc.zip' as already parsed 'SLX-14347.D701_D507.HVFCGBBXX.s_4.r_1'
[2018-05-03 12:52:22,786] multiqc.modules.fastqc.fastqc                      [DEBUG  ]  Duplicate sample name found! Overwriting: SLX-14347.D710_D504.HVFCGBBXX.s_3.r_1
[2018-05-03 12:52:22,921] multiqc.modules.fastqc.fastqc                      [DEBUG  ]  Skipping 'SLX-14347.D704_D504.HVFCGBBXX.s_4.r_1_fastqc.zip' as already parsed 'SLX-14347.D704_D504.HVFCGBBXX.s_4.r_1'
[2018-05-03 12:52:22,923] multiqc.modules.fastqc.fastqc                      [DEBUG  ]  Duplicate sample name found! Overwriting: SLX-14347.D711_D504.HVFCGBBXX.s_3.r_1
[2018-05-03 12:52:23,124] multiqc.modules.fastqc.fastqc                      [DEBUG  ]  Skipping 'SLX-14347.D706_D504.HVFCGBBXX.s_4.r_1_fastqc.zip' as already parsed 'SLX-14347.D706_D504.HVFCGBBXX.s_4.r_1'
[2018-05-03 12:52:23,124] multiqc.modules.fastqc.fastqc                      [DEBUG  ]  Skipping 'SLX-14347.D711_D504.HVFCGBBXX.s_4.r_1_fastqc.zip' as already parsed 'SLX-14347.D711_D504.HVFCGBBXX.s_4.r_1'
[2018-05-03 12:52:23,294] multiqc.modules.fastqc.fastqc                      [DEBUG  ]  Skipping 'SLX-14347.D707_D506.HVFCGBBXX.s_3.r_1_fastqc.zip' as already parsed 'SLX-14347.D707_D506.HVFCGBBXX.s_3.r_1'
[2018-05-03 12:52:23,294] multiqc.modules.fastqc.fastqc                      [DEBUG  ]  Skipping 'SLX-14347.D709_D504.HVFCGBBXX.s_3.r_1_fastqc.zip' as already parsed 'SLX-14347.D709_D504.HVFCGBBXX.s_3.r_1'
[2018-05-03 12:52:23,316] multiqc.modules.fastqc.fastqc                      [DEBUG  ]  Duplicate sample name found! Overwriting: SLX-14347.D703_D504.HVFCGBBXX.s_4.r_1
[2018-05-03 12:52:23,516] multiqc.modules.fastqc.fastqc                      [DEBUG  ]  Skipping 'SLX-14347.D707_D505.HVFCGBBXX.s_3.r_1_fastqc.zip' as already parsed 'SLX-14347.D707_D505.HVFCGBBXX.s_3.r_1'
[2018-05-03 12:52:23,517] multiqc.modules.fastqc.fastqc                      [DEBUG  ]  Skipping 'SLX-14347.D707_D505.HVFCGBBXX.s_4.r_1_fastqc.zip' as already parsed 'SLX-14347.D707_D505.HVFCGBBXX.s_4.r_1'
[2018-05-03 12:52:23,517] multiqc.modules.fastqc.fastqc                      [DEBUG  ]  Skipping 'SLX-14347.D702_D505.HVFCGBBXX.s_4.r_1_fastqc.zip' as already parsed 'SLX-14347.D702_D505.HVFCGBBXX.s_4.r_1'
[2018-05-03 12:52:23,652] multiqc.modules.fastqc.fastqc                      [DEBUG  ]  Skipping 'SLX-14347.D709_D505.HVFCGBBXX.s_3.r_1_fastqc.zip' as already parsed 'SLX-14347.D709_D505.HVFCGBBXX.s_3.r_1'
[2018-05-03 12:52:23,722] multiqc.modules.fastqc.fastqc                      [DEBUG  ]  Duplicate sample name found! Overwriting: SLX-14347.D701_D507.HVFCGBBXX.s_3.r_1
[2018-05-03 12:52:23,946] multiqc.modules.fastqc.fastqc                      [DEBUG  ]  Skipping 'SLX-14347.D704_D504.HVFCGBBXX.s_3.r_1_fastqc.zip' as already parsed 'SLX-14347.D704_D504.HVFCGBBXX.s_3.r_1'
[2018-05-03 12:52:24,013] multiqc.modules.fastqc.fastqc                      [DEBUG  ]  Skipping 'SLX-14347.D712_D506.HVFCGBBXX.s_4.r_1_fastqc.zip' as already parsed 'SLX-14347.D712_D506.HVFCGBBXX.s_4.r_1'
[2018-05-03 12:52:24,156] multiqc.modules.fastqc.fastqc                      [DEBUG  ]  Skipping 'SLX-14347.D701_D505.HVFCGBBXX.s_4.r_1_fastqc.zip' as already parsed 'SLX-14347.D701_D505.HVFCGBBXX.s_4.r_1'
[2018-05-03 12:52:24,158] multiqc.modules.fastqc.fastqc                      [DEBUG  ]  Duplicate sample name found! Overwriting: SLX-14347.D707_D504.HVFCGBBXX.s_4.r_1
[2018-05-03 12:52:24,224] multiqc.modules.fastqc.fastqc                      [DEBUG  ]  Skipping 'SLX-14347.D708_D505.HVFCGBBXX.s_3.r_1_fastqc.zip' as already parsed 'SLX-14347.D708_D505.HVFCGBBXX.s_3.r_1'
[2018-05-03 12:52:24,224] multiqc.modules.fastqc.fastqc                      [DEBUG  ]  Skipping 'SLX-14347.D701_D505.HVFCGBBXX.s_3.r_1_fastqc.zip' as already parsed 'SLX-14347.D701_D505.HVFCGBBXX.s_3.r_1'
[2018-05-03 12:52:24,224] multiqc.modules.fastqc.fastqc                      [DEBUG  ]  Skipping 'SLX-14347.D702_D506.HVFCGBBXX.s_3.r_1_fastqc.zip' as already parsed 'SLX-14347.D702_D506.HVFCGBBXX.s_3.r_1'
[2018-05-03 12:52:24,225] multiqc.modules.fastqc.fastqc                      [DEBUG  ]  Skipping 'SLX-14347.D708_D506.HVFCGBBXX.s_3.r_1_fastqc.zip' as already parsed 'SLX-14347.D708_D506.HVFCGBBXX.s_3.r_1'
[2018-05-03 12:52:24,232] multiqc.modules.fastqc.fastqc                      [DEBUG  ]  Duplicate sample name found! Overwriting: SLX-14347.D703_D505.HVFCGBBXX.s_4.r_1
[2018-05-03 12:52:24,368] multiqc.modules.fastqc.fastqc                      [DEBUG  ]  Duplicate sample name found! Overwriting: SLX-14347.D712_D505.HVFCGBBXX.s_4.r_1
[2018-05-03 12:52:24,435] multiqc.modules.fastqc.fastqc                      [DEBUG  ]  Skipping 'SLX-14347.D702_D505.HVFCGBBXX.s_3.r_1_fastqc.zip' as already parsed 'SLX-14347.D702_D505.HVFCGBBXX.s_3.r_1'
[2018-05-03 12:52:24,435] multiqc.modules.fastqc.fastqc                      [DEBUG  ]  Skipping 'SLX-14347.D701_D504.HVFCGBBXX.s_4.r_1_fastqc.zip' as already parsed 'SLX-14347.D701_D504.HVFCGBBXX.s_4.r_1'
[2018-05-03 12:52:24,502] multiqc.modules.fastqc.fastqc                      [DEBUG  ]  Skipping 'SLX-14347.D706_D505.HVFCGBBXX.s_3.r_1_fastqc.zip' as already parsed 'SLX-14347.D706_D505.HVFCGBBXX.s_3.r_1'
[2018-05-03 12:52:24,503] multiqc.modules.fastqc.fastqc                      [DEBUG  ]  Skipping 'SLX-14347.D701_D506.HVFCGBBXX.s_3.r_1_fastqc.zip' as already parsed 'SLX-14347.D701_D506.HVFCGBBXX.s_3.r_1'
[2018-05-03 12:52:24,505] multiqc.modules.fastqc.fastqc                      [DEBUG  ]  Duplicate sample name found! Overwriting: SLX-14347.D708_D504.HVFCGBBXX.s_3.r_1
[2018-05-03 12:52:24,570] multiqc.modules.fastqc.fastqc                      [DEBUG  ]  Skipping 'SLX-14347.D704_D505.HVFCGBBXX.s_3.r_1_fastqc.zip' as already parsed 'SLX-14347.D704_D505.HVFCGBBXX.s_3.r_1'
[2018-05-03 12:52:24,573] multiqc.modules.fastqc.fastqc                      [DEBUG  ]  Duplicate sample name found! Overwriting: SLX-14347.D710_D506.HVFCGBBXX.s_3.r_1
[2018-05-03 12:52:24,639] multiqc.modules.fastqc.fastqc                      [DEBUG  ]  Skipping 'SLX-14347.D708_D504.HVFCGBBXX.s_4.r_1_fastqc.zip' as already parsed 'SLX-14347.D708_D504.HVFCGBBXX.s_4.r_1'
[2018-05-03 12:52:24,639] multiqc.modules.fastqc.fastqc                      [DEBUG  ]  Skipping 'SLX-14347.D706_D504.HVFCGBBXX.s_3.r_1_fastqc.zip' as already parsed 'SLX-14347.D706_D504.HVFCGBBXX.s_3.r_1'
[2018-05-03 12:52:24,640] multiqc.modules.fastqc.fastqc                      [DEBUG  ]  Skipping 'SLX-14347.D703_D506.HVFCGBBXX.s_3.r_1_fastqc.zip' as already parsed 'SLX-14347.D703_D506.HVFCGBBXX.s_3.r_1'
[2018-05-03 12:52:24,642] multiqc.modules.fastqc.fastqc                      [DEBUG  ]  Duplicate sample name found! Overwriting: SLX-14347.D708_D506.HVFCGBBXX.s_4.r_1
[2018-05-03 12:52:24,710] multiqc.modules.fastqc.fastqc                      [DEBUG  ]  Duplicate sample name found! Overwriting: SLX-14347.D704_D506.HVFCGBBXX.s_4.r_1
[2018-05-03 12:52:24,775] multiqc.modules.fastqc.fastqc                      [DEBUG  ]  Skipping 'SLX-14347.D709_D504.HVFCGBBXX.s_4.r_1_fastqc.zip' as already parsed 'SLX-14347.D709_D504.HVFCGBBXX.s_4.r_1'
[2018-05-03 12:52:24,776] multiqc.modules.fastqc.fastqc                      [DEBUG  ]  Skipping 'SLX-14347.D712_D506.HVFCGBBXX.s_3.r_1_fastqc.zip' as already parsed 'SLX-14347.D712_D506.HVFCGBBXX.s_3.r_1'
[2018-05-03 12:52:24,778] multiqc.modules.fastqc.fastqc                      [DEBUG  ]  Duplicate sample name found! Overwriting: SLX-14347.D708_D505.HVFCGBBXX.s_4.r_1
[2018-05-03 12:52:24,844] multiqc.modules.fastqc.fastqc                      [DEBUG  ]  Skipping 'SLX-14347.D710_D505.HVFCGBBXX.s_4.r_1_fastqc.zip' as already parsed 'SLX-14347.D710_D505.HVFCGBBXX.s_4.r_1'
[2018-05-03 12:52:24,844] multiqc.modules.fastqc.fastqc                      [DEBUG  ]  Skipping 'SLX-14347.D706_D506.HVFCGBBXX.s_3.r_1_fastqc.zip' as already parsed 'SLX-14347.D706_D506.HVFCGBBXX.s_3.r_1'
[2018-05-03 12:52:24,846] multiqc.modules.fastqc.fastqc                      [DEBUG  ]  Duplicate sample name found! Overwriting: SLX-14347.D705_D506.HVFCGBBXX.s_3.r_1
[2018-05-03 12:52:24,915] multiqc.modules.fastqc.fastqc                      [DEBUG  ]  Duplicate sample name found! Overwriting: SLX-14347.D709_D506.HVFCGBBXX.s_3.r_1
[2018-05-03 12:52:24,983] multiqc.modules.fastqc.fastqc                      [DEBUG  ]  Duplicate sample name found! Overwriting: SLX-14347.D707_D504.HVFCGBBXX.s_3.r_1
[2018-05-03 12:52:25,050] multiqc.modules.fastqc.fastqc                      [DEBUG  ]  Skipping 'SLX-14347.D706_D505.HVFCGBBXX.s_4.r_1_fastqc.zip' as already parsed 'SLX-14347.D706_D505.HVFCGBBXX.s_4.r_1'
[2018-05-03 12:52:25,052] multiqc.modules.fastqc.fastqc                      [DEBUG  ]  Duplicate sample name found! Overwriting: SLX-14347.D711_D506.HVFCGBBXX.s_3.r_1
[2018-05-03 12:52:25,118] multiqc.modules.fastqc.fastqc                      [INFO   ]  Found 74 reports
[2018-05-03 12:52:26,884] multiqc.modules.clusterflow.clusterflow            [INFO   ]  Found 1 pipelines
[2018-05-03 12:52:26,885] multiqc.modules.clusterflow.clusterflow            [DEBUG  ]  Found 1 log pipelines
[2018-05-03 12:52:26,885] multiqc.modules.clusterflow.clusterflow            [DEBUG  ]  Found 1 runfile pipelines
[2018-05-03 12:52:26,909] multiqc                                            [DEBUG  ]  No samples found: bcl2fastq
[2018-05-03 12:52:26,911] multiqc                                            [DEBUG  ]  No samples found: interop
[2018-05-03 12:52:27,110] multiqc                                            [INFO   ]  Compressing plot data
[2018-05-03 12:52:42,033] multiqc                                            [INFO   ]  Report      : CTR_ajf1005_0001.multiqc_report.html
[2018-05-03 12:52:42,033] multiqc                                            [INFO   ]  Data        : CTR_ajf1005_0001.multiqc_data
[2018-05-03 12:52:42,033] multiqc                                            [DEBUG  ]  Moving data file from '/tmp/tmpOwZSbA/multiqc_data/multiqc_clusterflow-pipelines-table.txt' to '/storage/CTR-Projects/CTR_ajf1005/CTR_ajf1005_0001/CTR_ajf1005_0001.multiqc_data'
[2018-05-03 12:52:42,033] multiqc                                            [DEBUG  ]  Moving data file from '/tmp/tmpOwZSbA/multiqc_data/multiqc_fastq_screen.txt' to '/storage/CTR-Projects/CTR_ajf1005/CTR_ajf1005_0001/CTR_ajf1005_0001.multiqc_data'
[2018-05-03 12:52:42,034] multiqc                                            [DEBUG  ]  Moving data file from '/tmp/tmpOwZSbA/multiqc_data/multiqc_fastqc.txt' to '/storage/CTR-Projects/CTR_ajf1005/CTR_ajf1005_0001/CTR_ajf1005_0001.multiqc_data'
[2018-05-03 12:52:42,034] multiqc                                            [DEBUG  ]  Moving data file from '/tmp/tmpOwZSbA/multiqc_data/multiqc_general_stats.txt' to '/storage/CTR-Projects/CTR_ajf1005/CTR_ajf1005_0001/CTR_ajf1005_0001.multiqc_data'
[2018-05-03 12:52:42,034] multiqc                                            [DEBUG  ]  Moving data file from '/tmp/tmpOwZSbA/multiqc_data/multiqc_cutadapt.txt' to '/storage/CTR-Projects/CTR_ajf1005/CTR_ajf1005_0001/CTR_ajf1005_0001.multiqc_data'
[2018-05-03 12:52:42,034] multiqc                                            [DEBUG  ]  Moving data file from '/tmp/tmpOwZSbA/multiqc_data/multiqc_featureCounts.txt' to '/storage/CTR-Projects/CTR_ajf1005/CTR_ajf1005_0001/CTR_ajf1005_0001.multiqc_data'
[2018-05-03 12:52:42,035] multiqc                                            [DEBUG  ]  Moving data file from '/tmp/tmpOwZSbA/multiqc_data/multiqc_data.json' to '/storage/CTR-Projects/CTR_ajf1005/CTR_ajf1005_0001/CTR_ajf1005_0001.multiqc_data'
[2018-05-03 12:52:42,042] multiqc                                            [DEBUG  ]  Moving data file from '/tmp/tmpOwZSbA/multiqc_data/multiqc_sources.txt' to '/storage/CTR-Projects/CTR_ajf1005/CTR_ajf1005_0001/CTR_ajf1005_0001.multiqc_data'
[2018-05-03 12:52:42,042] multiqc                                            [DEBUG  ]  Moving data file from '/tmp/tmpOwZSbA/multiqc_data/multiqc_star.txt' to '/storage/CTR-Projects/CTR_ajf1005/CTR_ajf1005_0001/CTR_ajf1005_0001.multiqc_data'
[2018-05-03 12:52:42,285] multiqc                                            [INFO   ]  MultiQC complete
